[debug] [2022-10-24T09:45:04.859Z] ----------------------------------------------------------------------
[debug] [2022-10-24T09:45:04.877Z] Command:       C:\Program Files\nodejs\node.exe C:\Users\owais\AppData\Roaming\npm\node_modules\firebase-tools\lib\bin\firebase.js init
[debug] [2022-10-24T09:45:04.881Z] CLI Version:   11.15.0
[debug] [2022-10-24T09:45:04.882Z] Platform:      win32
[debug] [2022-10-24T09:45:04.883Z] Node Version:  v16.15.1
[debug] [2022-10-24T09:45:04.891Z] Time:          Mon Oct 24 2022 14:45:04 GMT+0500 (Pakistan Standard Time)
[debug] [2022-10-24T09:45:04.893Z] ----------------------------------------------------------------------
[debug] 
[debug] [2022-10-24T09:45:05.090Z] > command requires scopes: ["email","openid","https://www.googleapis.com/auth/cloudplatformprojects.readonly","https://www.googleapis.com/auth/firebase","https://www.googleapis.com/auth/cloud-platform"]
[debug] [2022-10-24T09:45:05.105Z] > authorizing via signed-in user (owaisy028@gmail.com)
[info] 
     ######## #### ########  ######## ########     ###     ######  ########
     ##        ##  ##     ## ##       ##     ##  ##   ##  ##       ##
     ######    ##  ########  ######   ########  #########  ######  ######
     ##        ##  ##    ##  ##       ##     ## ##     ##       ## ##
     ##       #### ##     ## ######## ########  ##     ##  ######  ########

You're about to initialize a Firebase project in this directory:

  C:\Users\owais\Downloads\project_syncfusion_dashboard-main\project_syncfusion_dashboard-main

[info] 
=== Project Setup
[info] 
[info] First, let's associate this project directory with a Firebase project.
[info] You can create multiple project aliases by running firebase use --add, 
[info] but for now we'll just set up a default project.
[info] 
[debug] [2022-10-24T10:00:58.858Z] >>> [apiv2][query] GET https://firebase.googleapis.com/v1beta1/projects pageSize=100
[debug] [2022-10-24T10:00:59.932Z] <<< [apiv2][status] GET https://firebase.googleapis.com/v1beta1/projects 200
[debug] [2022-10-24T10:00:59.934Z] <<< [apiv2][body] GET https://firebase.googleapis.com/v1beta1/projects [omitted]
[info] i  Using project portfolio-aa433 (Portfolio) 
[info] 
=== Hosting Setup
[info] 
[info] Your public directory is the folder (relative to your project directory) that
[info] will contain Hosting assets to be uploaded with firebase deploy. If you
[info] have a build process for your assets, use your build's output directory.
[info] 
[debug] [2022-10-24T10:01:20.368Z] >>> [apiv2][query] GET https://www.gstatic.com/firebasejs/releases.json [none]
[debug] [2022-10-24T10:01:23.946Z] <<< [apiv2][status] GET https://www.gstatic.com/firebasejs/releases.json 200
[debug] [2022-10-24T10:01:23.947Z] <<< [apiv2][body] GET https://www.gstatic.com/firebasejs/releases.json {"current":{"version":"9.12.1","browserURL":"https://www.gstatic.com/firebasejs/9.12.1/firebase.js","packageURL":"https://www.gstatic.com/firebasejs/9.12.1/firebase.tgz"},"live":{"version":"9.12","browserURL":"https://www.gstatic.com/firebasejs/live/9.12/firebase.js","packageURL":"https://www.gstatic.com/firebasejs/live/9.12/firebase.tgz"},"components":{"analytics":"https://www.gstatic.com/firebasejs/9.12.1/firebase-analytics.js","app":"https://www.gstatic.com/firebasejs/9.12.1/firebase-app.js","app-check":"https://www.gstatic.com/firebasejs/9.12.1/firebase-app-check.js","auth":"https://www.gstatic.com/firebasejs/9.12.1/firebase-auth.js","auth/cordova":"https://www.gstatic.com/firebasejs/9.12.1/firebase-auth/cordova.js","auth/react-native":"https://www.gstatic.com/firebasejs/9.12.1/firebase-auth/react-native.js","functions":"https://www.gstatic.com/firebasejs/9.12.1/firebase-functions.js","firestore":"https://www.gstatic.com/firebasejs/9.12.1/firebase-firestore.js","firestore/lite":"https://www.gstatic.com/firebasejs/9.12.1/firebase-firestore/lite.js","installations":"https://www.gstatic.com/firebasejs/9.12.1/firebase-installations.js","storage":"https://www.gstatic.com/firebasejs/9.12.1/firebase-storage.js","performance":"https://www.gstatic.com/firebasejs/9.12.1/firebase-performance.js","remote-config":"https://www.gstatic.com/firebasejs/9.12.1/firebase-remote-config.js","messaging":"https://www.gstatic.com/firebasejs/9.12.1/firebase-messaging.js","messaging/sw":"https://www.gstatic.com/firebasejs/9.12.1/firebase-messaging/sw.js","database":"https://www.gstatic.com/firebasejs/9.12.1/firebase-database.js","firestore.memory":"https://www.gstatic.com/firebasejs/9.12.1/firebase-firestore.memory.js"}}
[info] +  Wrote public/index.html 
[info] 
[info] i  Didn't detect a .git folder. Assuming C:\Users\owais\Downloads\project_syncfusion_dashboard-main\project_syncfusion_dashboard-main is the project root. 
[info] i  Authorizing with GitHub to upload your service account to a GitHub repository's secrets store. 
[info] 
[info] Visit this URL on this device to log in:
[info] https://github.com/login/oauth/authorize?client_id=89cf50f02ac6aaed3484&state=662200357&redirect_uri=http%3A%2F%2Flocalhost%3A9005&scope=read%3Auser%20repo%20public_repo
[info] 
[info] Waiting for authentication...
[debug] [2022-10-24T10:06:48.147Z] >>> [apiv2][query] POST https://github.com/login/oauth/access_token [none]
[debug] [2022-10-24T10:06:48.148Z] >>> [apiv2][body] POST https://github.com/login/oauth/access_token [stream]
[debug] [2022-10-24T10:06:51.853Z] <<< [apiv2][status] POST https://github.com/login/oauth/access_token 200
[debug] [2022-10-24T10:06:51.855Z] <<< [apiv2][body] POST https://github.com/login/oauth/access_token {"access_token":"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","token_type":"bearer","scope":"read:user,repo"}
[debug] [2022-10-24T10:06:51.979Z] >>> [apiv2][query] GET https://api.github.com/user [none]
[debug] [2022-10-24T10:06:52.668Z] <<< [apiv2][status] GET https://api.github.com/user 200
[debug] [2022-10-24T10:06:52.669Z] <<< [apiv2][body] GET https://api.github.com/user {"login":"merndeveloper-hub","id":67875982,"node_id":"MDQ6VXNlcjY3ODc1OTgy","avatar_url":"https://avatars.githubusercontent.com/u/67875982?v=4","gravatar_id":"","url":"https://api.github.com/users/merndeveloper-hub","html_url":"https://github.com/merndeveloper-hub","followers_url":"https://api.github.com/users/merndeveloper-hub/followers","following_url":"https://api.github.com/users/merndeveloper-hub/following{/other_user}","gists_url":"https://api.github.com/users/merndeveloper-hub/gists{/gist_id}","starred_url":"https://api.github.com/users/merndeveloper-hub/starred{/owner}{/repo}","subscriptions_url":"https://api.github.com/users/merndeveloper-hub/subscriptions","organizations_url":"https://api.github.com/users/merndeveloper-hub/orgs","repos_url":"https://api.github.com/users/merndeveloper-hub/repos","events_url":"https://api.github.com/users/merndeveloper-hub/events{/privacy}","received_events_url":"https://api.github.com/users/merndeveloper-hub/received_events","type":"User","site_admin":false,"name":"Owais Yameen","company":"React developer","blog":"","location":"Pakistan","email":null,"hireable":null,"bio":"Mern-Stack developer and AWS architecture.","twitter_username":null,"public_repos":50,"public_gists":0,"followers":0,"following":0,"created_at":"2020-07-05T19:38:15Z","updated_at":"2022-08-24T14:55:22Z","private_gists":0,"total_private_repos":0,"owned_private_repos":0,"disk_usage":105590,"collaborators":0,"two_factor_authentication":false,"plan":{"name":"free","space":976562499,"collaborators":0,"private_repos":10000}}
[info] 
[info] +  Success! Logged into GitHub as merndeveloper-hub 
[info] 
[debug] [2022-10-24T10:07:05.446Z] >>> [apiv2][query] GET https://api.github.com/repos//actions/secrets/public-key type=owner
[debug] [2022-10-24T10:07:05.941Z] <<< [apiv2][status] GET https://api.github.com/repos//actions/secrets/public-key 404
[debug] [2022-10-24T10:07:05.942Z] <<< [apiv2][body] GET https://api.github.com/repos//actions/secrets/public-key {"message":"Not Found","documentation_url":"https://docs.github.com/rest"}
